<?xml version="1.0" encoding="UTF-8"?>
<testng-results skipped="0" failed="0" total="1" passed="1">
  <reporter-output>
  </reporter-output>
  <suite name="Default suite" duration-ms="80590" started-at="2020-02-25T12:06:41Z" finished-at="2020-02-25T12:08:01Z">
    <groups>
    </groups>
    <test name="Default test" duration-ms="80590" started-at="2020-02-25T12:06:41Z" finished-at="2020-02-25T12:08:01Z">
      <class name="SeleniumFramworkDesign.SeleniumFramworkDesign.HomePage">
        <test-method status="PASS" signature="basepageNavigation()[pri:0, instance:SeleniumFramworkDesign.SeleniumFramworkDesign.HomePage@39aeed2f]" name="basepageNavigation" duration-ms="80564" started-at="2020-02-25T17:36:41Z" finished-at="2020-02-25T17:38:01Z">
          <reporter-output>
          </reporter-output>
        </test-method> <!-- basepageNavigation -->
        <test-method status="PASS" signature="closeBrowser()[pri:0, instance:SeleniumFramworkDesign.SeleniumFramworkDesign.HomePage@39aeed2f]" name="closeBrowser" is-config="true" duration-ms="2" started-at="2020-02-25T17:38:01Z" finished-at="2020-02-25T17:38:01Z">
          <reporter-output>
          </reporter-output>
        </test-method> <!-- closeBrowser -->
      </class> <!-- SeleniumFramworkDesign.SeleniumFramworkDesign.HomePage -->
    </test> <!-- Default test -->
  </suite> <!-- Default suite -->
</testng-results>
